#
# A fatal error has been detected by the Java Runtime Environment:
#
#  SIGSEGV (0xb) at pc=0x000000000000002f, pid=37577, tid=0x0000000000002703
#
# JRE version: Java(TM) SE Runtime Environment (8.0_321-b07) (build 1.8.0_321-b07)
# Java VM: Java HotSpot(TM) 64-Bit Server VM (25.321-b07 mixed mode bsd-amd64 compressed oops)
# Problematic frame:
# C  0x000000000000002f
#
# Failed to write core dump. Core dumps have been disabled. To enable core dumping, try "ulimit -c unlimited" before starting Java again
#
# If you would like to submit a bug report, please visit:
#   http://bugreport.java.com/bugreport/crash.jsp
#

---------------  T H R E A D  ---------------

Current thread (0x00007f942102c800):  JavaThread "Unknown thread" [_thread_in_vm, id=9987, stack(0x0000000308c95000,0x0000000308d95000)]

siginfo: si_signo: 11 (SIGSEGV), si_code: 1 (SEGV_MAPERR), si_addr: 0x000000000000002f

Registers:
RAX=0x0000000000000200, RBX=0x000000000000002f, RCX=0x000000010c079e18, RDX=0x0000000000000178
RSP=0x0000000308d94cb8, RBP=0x000000010bae919b, RSI=0x00000000000a67d8, RDI=0x000000000000002e
R8 =0x0000000795b5e308, R9 =0x000000010c082780, R10=0x000000010c07936b, R11=0x00006000006692b8
R12=0x0000000000000031, R13=0x0000000795b5e308, R14=0x00000000000a67d8, R15=0x0000000000014cfb
RIP=0x000000000000002f, EFLAGS=0x0000000000000216, ERR=0x0000000000000014
  TRAPNO=0x000000000000000e

Top of Stack: (sp=0x0000000308d94cb8)
0x0000000308d94cb8:   00007f942102c858 00000007c0006c48
0x0000000308d94cc8:   000000000000002f 00000007c0006c48
0x0000000308d94cd8:   00000007c0006c48 00007f942102c800
0x0000000308d94ce8:   0000000000000000 0000000308d94d30
0x0000000308d94cf8:   000000010bca786d 403776106d7e9133
0x0000000308d94d08:   0000000000000000 00007f942102c800
0x0000000308d94d18:   000000000000002f 000000000000002f
0x0000000308d94d28:   0000000001000021 0000000308d94d90
0x0000000308d94d38:   000000010bbfdaee 0000600003c7b7b8
0x0000000308d94d48:   000000010bdc86ca 00007f942102c800
0x0000000308d94d58:   00007f942102c800 0000000000000000
0x0000000308d94d68:   00007f942102c800 0000000000000000
0x0000000308d94d78:   000000010bf49373 00000007c0006c48
0x0000000308d94d88:   00007f942102c800 0000000308d94db0
0x0000000308d94d98:   000000010bc9781b 00007f942102c800
0x0000000308d94da8:   00000007c0006c48 0000000308d94e10
0x0000000308d94db8:   000000010bebdf78 000000010bf1ab17
0x0000000308d94dc8:   0000000000000008 0000600000ff23c0
0x0000000308d94dd8:   0000600002c7c010 0000000308d94e10
0x0000000308d94de8:   0000000308d94e68 0000000795585838
0x0000000308d94df8:   00007f942102c800 0000000308d94ee8
0x0000000308d94e08:   0000000308d94ed0 0000000308d94ea0
0x0000000308d94e18:   000000010bc74d95 00007f942102c800
0x0000000308d94e28:   0000600000ff23c0 0000600002c7c000
0x0000000308d94e38:   0000600002c7c010 0000600002c7c0e8
0x0000000308d94e48:   00000000000000d8 0000600000ff2480
0x0000000308d94e58:   00007f942102c800 0000000000000040
0x0000000308d94e68:   00007f942102c800 000000010bf49373
0x0000000308d94e78:   0000000308d94ee8 0000000000000000
0x0000000308d94e88:   000060000067c078 0000000308d94ed0
0x0000000308d94e98:   00007f940ef04e78 0000000308d94ec0
0x0000000308d94ea8:   000000010bc74bc4 000000010c04db40 

Instructions: (pc=0x000000000000002f)
0x000000000000000f:   
[error occurred during error reporting (printing registers, top of stack, instructions near pc), id 0xb]

Register to memory mapping:

RAX=0x0000000000000200 is an unknown value
RBX=0x000000000000002f is an unknown value
RCX=0x000000010c079e18: _ZN3Jfr13_jvm_producerE+0 in /Library/Java/JavaVirtualMachines/jdk1.8.0_321.jdk/Contents/Home/jre/lib/server/libjvm.dylib at 0x000000010b95e000
RDX=0x0000000000000178 is an unknown value
RSP=0x0000000308d94cb8 is pointing into the stack for thread: 0x00007f942102c800
RBP=0x000000010bae919b: _ZN13CollectedHeap23allocate_from_tlab_slowE11KlassHandleP6Threadm+0x129 in /Library/Java/JavaVirtualMachines/jdk1.8.0_321.jdk/Contents/Home/jre/lib/server/libjvm.dylib at 0x000000010b95e000
RSI=0x00000000000a67d8 is an unknown value
RDI=0x000000000000002e is an unknown value
R8 =0x0000000795b5e308 is an oop

[error occurred during error reporting (printing register info), id 0xb]

Stack: [0x0000000308c95000,0x0000000308d95000],  sp=0x0000000308d94cb8,  free space=1023k
Native frames: (J=compiled Java code, j=interpreted, Vv=VM code, C=native code)
C  0x000000000000002f


---------------  P R O C E S S  ---------------

Java Threads: ( => current thread )
=>0x00007f942102c800 JavaThread "Unknown thread" [_thread_in_vm, id=9987, stack(0x0000000308c95000,0x0000000308d95000)]
  0x00007f94200e7800 JavaThread "Attach Listener" daemon [_thread_blocked, id=38931, stack(0x000000030a36d000,0x000000030a46d000)]
  0x00007f941f127000 JavaThread "Service Thread" daemon [_thread_blocked, id=40243, stack(0x000000030a167000,0x000000030a267000)]
  0x00007f941f982800 JavaThread "C1 CompilerThread3" daemon [_thread_blocked, id=40719, stack(0x000000030a064000,0x000000030a164000)]
  0x00007f94200ba800 JavaThread "C2 CompilerThread2" daemon [_thread_blocked, id=41475, stack(0x0000000309f61000,0x000000030a061000)]
  0x00007f94200ba000 JavaThread "C2 CompilerThread1" daemon [_thread_blocked, id=23563, stack(0x0000000309e5e000,0x0000000309f5e000)]
  0x00007f9421029800 JavaThread "C2 CompilerThread0" daemon [_thread_blocked, id=42523, stack(0x0000000309d5b000,0x0000000309e5b000)]
  0x00007f9421029000 JavaThread "Async-profiler Timer" daemon [_thread_in_native, id=43295, stack(0x0000000309c55000,0x0000000309cd5000)]
  0x00007f9421034000 JavaThread "Monitor Ctrl-Break" daemon [_thread_in_native, id=15687, stack(0x0000000309b52000,0x0000000309c52000)]
  0x00007f9420057800 JavaThread "Signal Dispatcher" daemon [_thread_blocked, id=16131, stack(0x0000000309a4f000,0x0000000309b4f000)]
  0x00007f941f80c000 JavaThread "Finalizer" daemon [_thread_blocked, id=18207, stack(0x00000003097b6000,0x00000003098b6000)]
  0x00007f941f014000 JavaThread "Reference Handler" daemon [_thread_blocked, id=13091, stack(0x00000003096b3000,0x00000003097b3000)]

Other Threads:
  0x00007f9420049800 VMThread [stack: 0x00000003095b0000,0x00000003096b0000] [id=12803]
  0x00007f941f9a7800 WatcherThread [stack: 0x000000030a26a000,0x000000030a36a000] [id=39787]

VM state:not at safepoint (normal execution)

VM Mutex/Monitor currently owned by a thread: None

heap address: 0x0000000740000000, size: 2048 MB, Compressed Oops mode: Zero based, Oop shift amount: 3
Narrow klass base: 0x0000000000000000, Narrow klass shift: 3
Compressed class space size: 1073741824 Address: 0x00000007c0000000

Heap:
 PSYoungGen      total 38400K, used 6674K [0x0000000795580000, 0x0000000798000000, 0x00000007c0000000)
  eden space 33280K, 20% used [0x0000000795580000,0x0000000795c04ae0,0x0000000797600000)
  from space 5120K, 0% used [0x0000000797b00000,0x0000000797b00000,0x0000000798000000)
  to   space 5120K, 0% used [0x0000000797600000,0x0000000797600000,0x0000000797b00000)
 ParOldGen       total 87552K, used 0K [0x0000000740000000, 0x0000000745580000, 0x0000000795580000)
  object space 87552K, 0% used [0x0000000740000000,0x0000000740000000,0x0000000745580000)
 Metaspace       used 4317K, capacity 4744K, committed 4864K, reserved 1056768K
  class space    used 478K, capacity 496K, committed 512K, reserved 1048576K

Card table byte_map: [0x000000011cb04000,0x000000011cf05000] byte_map_base: 0x0000000119104000

Marking Bits: (ParMarkBitMap*) 0x000000010c0832e8
 Begin Bits: [0x000000011d1b0000, 0x000000011f1b0000)
 End Bits:   [0x000000011f1b0000, 0x00000001211b0000)

Polling page: 0x000000010ab9a000

CodeCache: size=245760Kb used=1331Kb max_used=1331Kb free=244428Kb
 bounds [0x000000010d744000, 0x000000010d9b4000, 0x000000011c744000]
 total_blobs=389 nmethods=116 adapters=188
 compilation: enabled

Compilation events (10 events):
Event: 19.858 Thread 0x00007f941f982800  112       3       java.io.BufferedWriter::ensureOpen (18 bytes)
Event: 19.859 Thread 0x00007f941f982800 nmethod 112 0x000000010d88f510 code [0x000000010d88f680, 0x000000010d88f8c8]
Event: 23.450 Thread 0x00007f941f982800  113       3       java.nio.Buffer::remaining (20 bytes)
Event: 23.451 Thread 0x00007f941f982800 nmethod 113 0x000000010d88fa10 code [0x000000010d88fb80, 0x000000010d88fd30]
Event: 23.453 Thread 0x00007f941f982800  114       3       sun.instrument.InstrumentationImpl::transform (38 bytes)
Event: 23.454 Thread 0x00007f941f982800 nmethod 114 0x000000010d88fe50 code [0x000000010d88ffc0, 0x000000010d890228]
Event: 23.454 Thread 0x00007f941f982800  115   !   3       sun.instrument.TransformerManager::transform (98 bytes)
Event: 23.455 Thread 0x00007f941f982800 nmethod 115 0x000000010d8903d0 code [0x000000010d890580, 0x000000010d890a78]
Event: 23.458 Thread 0x00007f941f982800  116       3       java.nio.charset.CoderResult::isUnderflow (13 bytes)
Event: 23.458 Thread 0x00007f941f982800 nmethod 116 0x000000010d890e10 code [0x000000010d890f80, 0x000000010d891130]

GC Heap History (0 events):
No events

Deoptimization events (0 events):
No events

Classes redefined (0 events):
No events

Internal exceptions (10 events):
Event: 0.033 Thread 0x00007f941f808800 Exception <a 'java/lang/NoSuchMethodError': Method sun.misc.Unsafe.defineClass(Ljava/lang/String;[BII)Ljava/lang/Class; name or signature does not match> (0x0000000795587cc0) thrown at [/System/Volumes/Data/jenkins/workspace/8-2-build-macosx-x86_64/jdk8u3
Event: 0.033 Thread 0x00007f941f808800 Exception <a 'java/lang/NoSuchMethodError': Method sun.misc.Unsafe.prefetchRead(Ljava/lang/Object;J)V name or signature does not match> (0x0000000795587fa8) thrown at [/System/Volumes/Data/jenkins/workspace/8-2-build-macosx-x86_64/jdk8u321/2141/hotspot/sr
Event: 0.244 Thread 0x00007f941f808800 Exception <a 'java/lang/NoClassDefFoundError': jdk/internal/loader/NativeLibraries> (0x000000079566e048) thrown at [/System/Volumes/Data/jenkins/workspace/8-2-build-macosx-x86_64/jdk8u321/2141/hotspot/src/share/vm/classfile/systemDictionary.cpp, line 201]
Event: 0.245 Thread 0x00007f941f808800 Exception <a 'java/lang/NoSuchMethodError': load0> (0x000000079566e4a8) thrown at [/System/Volumes/Data/jenkins/workspace/8-2-build-macosx-x86_64/jdk8u321/2141/hotspot/src/share/vm/prims/jni.cpp, line 1615]
Event: 0.245 Thread 0x00007f941f808800 Exception <a 'java/lang/NoClassDefFoundError': jdk/jfr/internal/JVM> (0x00000007956708e8) thrown at [/System/Volumes/Data/jenkins/workspace/8-2-build-macosx-x86_64/jdk8u321/2141/hotspot/src/share/vm/classfile/systemDictionary.cpp, line 201]
Event: 0.246 Thread 0x00007f941f808800 Exception <a 'java/lang/NoClassDefFoundError': jdk/internal/vm/VMSupport> (0x0000000795672d70) thrown at [/System/Volumes/Data/jenkins/workspace/8-2-build-macosx-x86_64/jdk8u321/2141/hotspot/src/share/vm/classfile/systemDictionary.cpp, line 201]
Event: 0.392 Thread 0x00007f941f808800 Exception <a 'java/security/PrivilegedActionException'> (0x000000079584ebf8) thrown at [/System/Volumes/Data/jenkins/workspace/8-2-build-macosx-x86_64/jdk8u321/2141/hotspot/src/share/vm/prims/jvm.cpp, line 1523]
Event: 0.392 Thread 0x00007f941f808800 Exception <a 'java/security/PrivilegedActionException'> (0x000000079584eff0) thrown at [/System/Volumes/Data/jenkins/workspace/8-2-build-macosx-x86_64/jdk8u321/2141/hotspot/src/share/vm/prims/jvm.cpp, line 1523]
Event: 0.394 Thread 0x00007f941f808800 Exception <a 'java/security/PrivilegedActionException'> (0x0000000795852508) thrown at [/System/Volumes/Data/jenkins/workspace/8-2-build-macosx-x86_64/jdk8u321/2141/hotspot/src/share/vm/prims/jvm.cpp, line 1523]
Event: 0.394 Thread 0x00007f941f808800 Exception <a 'java/security/PrivilegedActionException'> (0x0000000795852900) thrown at [/System/Volumes/Data/jenkins/workspace/8-2-build-macosx-x86_64/jdk8u321/2141/hotspot/src/share/vm/prims/jvm.cpp, line 1523]

Events (10 events):
Event: 23.453 loading class java/lang/Throwable$PrintStreamOrWriter done
Event: 23.453 loading class java/lang/Throwable$WrappedPrintStream done
Event: 23.453 loading class java/util/IdentityHashMap
Event: 23.454 loading class java/util/IdentityHashMap done
Event: 23.454 loading class java/util/IdentityHashMap$KeySet
Event: 23.454 loading class java/util/IdentityHashMap$KeySet done
Event: 23.458 loading class jdk/internal/misc/TerminatingThreadLocal$1
Event: 23.459 loading class jdk/internal/misc/TerminatingThreadLocal$1 done
Event: 23.460 Thread 0x00007f941f808800 Thread exited: 0x00007f941f808800
Event: 23.461 Thread 0x00007f942102c800 Thread added: 0x00007f942102c800


Dynamic libraries:
0x00007ff825010000 	/System/Library/Frameworks/Cocoa.framework/Versions/A/Cocoa
0x00007ff8108b1000 	/System/Library/Frameworks/AppKit.framework/Versions/C/AppKit
0x00007ff813e01000 	/System/Library/Frameworks/CoreData.framework/Versions/A/CoreData
0x00007ff80eccc000 	/System/Library/Frameworks/Foundation.framework/Versions/C/Foundation
0x00007ff8190f4000 	/usr/lib/libSystem.B.dylib
0x00007ff81173e000 	/System/Library/PrivateFrameworks/UIFoundation.framework/Versions/A/UIFoundation
0x00007ff81efe8000 	/System/Library/PrivateFrameworks/RemoteViewServices.framework/Versions/A/RemoteViewServices
0x00007ff8172e7000 	/System/Library/PrivateFrameworks/XCTTargetBootstrap.framework/Versions/A/XCTTargetBootstrap
0x00007ff81afbf000 	/System/Library/PrivateFrameworks/InternationalSupport.framework/Versions/A/InternationalSupport
0x00007ff81b049000 	/System/Library/PrivateFrameworks/UserActivity.framework/Versions/A/UserActivity
0x00007ff81a3a6000 	/usr/lib/libspindump.dylib
0x00007ff8119cc000 	/System/Library/Frameworks/UniformTypeIdentifiers.framework/Versions/A/UniformTypeIdentifiers
0x00007ff815a26000 	/usr/lib/libapp_launch_measurement.dylib
0x00007ff8147db000 	/System/Library/PrivateFrameworks/CoreAnalytics.framework/Versions/A/CoreAnalytics
0x00007ff815a29000 	/System/Library/PrivateFrameworks/CoreAutoLayout.framework/Versions/A/CoreAutoLayout
0x00007ff816c48000 	/System/Library/Frameworks/Metal.framework/Versions/A/Metal
0x00007ff81795f000 	/usr/lib/liblangid.dylib
0x00007ff8172eb000 	/System/Library/PrivateFrameworks/CoreSVG.framework/Versions/A/CoreSVG
0x00007ff812d8e000 	/System/Library/PrivateFrameworks/SkyLight.framework/Versions/A/SkyLight
0x00007ff81311f000 	/System/Library/Frameworks/CoreGraphics.framework/Versions/A/CoreGraphics
0x00007ff81f653000 	/System/Library/Frameworks/Accelerate.framework/Versions/A/Accelerate
0x00007ff819e21000 	/System/Library/PrivateFrameworks/IconServices.framework/Versions/A/IconServices
0x00007ff816c2d000 	/System/Library/Frameworks/IOSurface.framework/Versions/A/IOSurface
0x00007ff814809000 	/usr/lib/libDiagnosticMessagesClient.dylib
0x00007ff81900e000 	/usr/lib/libz.1.dylib
0x00007ff822cb2000 	/System/Library/Frameworks/ApplicationServices.framework/Versions/A/ApplicationServices
0x00007ff8172d3000 	/System/Library/PrivateFrameworks/DFRFoundation.framework/Versions/A/DFRFoundation
0x00007ff8101a2000 	/usr/lib/libicucore.A.dylib
0x00007ff81bce1000 	/System/Library/Frameworks/AudioToolbox.framework/Versions/A/AudioToolbox
0x00007ff81afcb000 	/System/Library/PrivateFrameworks/DataDetectorsCore.framework/Versions/A/DataDetectorsCore
0x00007ff916760000 	/System/Library/PrivateFrameworks/TextInput.framework/Versions/A/TextInput
0x00007ff812d11000 	/usr/lib/libMobileGestalt.dylib
0x00007ff816fdb000 	/System/Library/Frameworks/Carbon.framework/Versions/A/Frameworks/HIToolbox.framework/Versions/A/HIToolbox
0x00007ff815454000 	/System/Library/Frameworks/QuartzCore.framework/Versions/A/QuartzCore
0x00007ff80fe43000 	/System/Library/Frameworks/Security.framework/Versions/A/Security
0x00007ff81f020000 	/System/Library/Frameworks/Carbon.framework/Versions/A/Frameworks/SpeechRecognition.framework/Versions/A/SpeechRecognition
0x00007ff815786000 	/System/Library/PrivateFrameworks/CoreUI.framework/Versions/A/CoreUI
0x00007ff80f71d000 	/System/Library/Frameworks/CoreAudio.framework/Versions/A/CoreAudio
0x00007ff8148f7000 	/System/Library/Frameworks/DiskArbitration.framework/Versions/A/DiskArbitration
0x00007ff81a789000 	/System/Library/PrivateFrameworks/MultitouchSupport.framework/Versions/A/MultitouchSupport
0x00007ff812d10000 	/usr/lib/libenergytrace.dylib
0x00007ff81079d000 	/System/Library/Frameworks/IOKit.framework/Versions/A/IOKit
0x00007ff81f40a000 	/System/Library/Frameworks/CoreServices.framework/Versions/A/CoreServices
0x00007ff8159c0000 	/System/Library/PrivateFrameworks/PerformanceAnalysis.framework/Versions/A/PerformanceAnalysis
0x00007ffa261cf000 	/System/Library/Frameworks/OpenGL.framework/Versions/A/OpenGL
0x00007ff818646000 	/System/Library/PrivateFrameworks/MobileKeyBag.framework/Versions/A/MobileKeyBag
0x00007ff80dd64000 	/usr/lib/libobjc.A.dylib
0x00007ff81384e000 	/System/Library/Frameworks/ColorSync.framework/Versions/A/ColorSync
0x00007ff80df20000 	/System/Library/Frameworks/CoreFoundation.framework/Versions/A/CoreFoundation
0x00007ff817566000 	/System/Library/Frameworks/CoreImage.framework/Versions/A/CoreImage
0x00007ff80f533000 	/System/Library/Frameworks/CoreText.framework/Versions/A/CoreText
0x00007ff81731a000 	/System/Library/Frameworks/ImageIO.framework/Versions/A/ImageIO
0x00007ff8190fa000 	/System/Library/PrivateFrameworks/SoftLinking.framework/Versions/A/SoftLinking
0x00007ff815a71000 	/usr/lib/libxml2.2.dylib
0x00007ff80de2d000 	/usr/lib/libc++.1.dylib
0x00007ff81937a000 	/usr/lib/libcompression.dylib
0x00007ff81aef5000 	/System/Library/PrivateFrameworks/TextureIO.framework/Versions/A/TextureIO
0x00007ff819a9a000 	/usr/lib/libate.dylib
0x00007ff8190ef000 	/usr/lib/system/libcache.dylib
0x00007ff8190ab000 	/usr/lib/system/libcommonCrypto.dylib
0x00007ff8190d4000 	/usr/lib/system/libcompiler_rt.dylib
0x00007ff8190ca000 	/usr/lib/system/libcopyfile.dylib
0x00007ff80dc5e000 	/usr/lib/system/libcorecrypto.dylib
0x00007ff80dd1d000 	/usr/lib/system/libdispatch.dylib
0x00007ff80dedf000 	/usr/lib/system/libdyld.dylib
0x00007ff8190e6000 	/usr/lib/system/libkeymgr.dylib
0x00007ff819089000 	/usr/lib/system/libmacho.dylib
0x00007ff81871a000 	/usr/lib/system/libquarantine.dylib
0x00007ff8190e4000 	/usr/lib/system/libremovefile.dylib
0x00007ff812d5d000 	/usr/lib/system/libsystem_asl.dylib
0x00007ff80dc0c000 	/usr/lib/system/libsystem_blocks.dylib
0x00007ff80dda4000 	/usr/lib/system/libsystem_c.dylib
0x00007ff8190dc000 	/usr/lib/system/libsystem_collections.dylib
0x00007ff817950000 	/usr/lib/system/libsystem_configuration.dylib
0x00007ff816c10000 	/usr/lib/system/libsystem_containermanager.dylib
0x00007ff818dc2000 	/usr/lib/system/libsystem_coreservices.dylib
0x00007ff81042b000 	/usr/lib/system/libsystem_darwin.dylib
0x00007ff8190e7000 	/usr/lib/system/libsystem_dnssd.dylib
0x00007ff80dda1000 	/usr/lib/system/libsystem_featureflags.dylib
0x00007ff80def5000 	/usr/lib/system/libsystem_info.dylib
0x00007ff819021000 	/usr/lib/system/libsystem_m.dylib
0x00007ff80dcf1000 	/usr/lib/system/libsystem_malloc.dylib
0x00007ff812cfa000 	/usr/lib/system/libsystem_networkextension.dylib
0x00007ff810853000 	/usr/lib/system/libsystem_notify.dylib
0x00007ff81f2e1000 	/usr/lib/system/libsystem_product_info_filter.dylib
0x00007ff817954000 	/usr/lib/system/libsystem_sandbox.dylib
0x00007ff8190e1000 	/usr/lib/system/libsystem_secinit.dylib
0x00007ff80de9c000 	/usr/lib/system/libsystem_kernel.dylib
0x00007ff80deeb000 	/usr/lib/system/libsystem_platform.dylib
0x00007ff80ded3000 	/usr/lib/system/libsystem_pthread.dylib
0x00007ff814621000 	/usr/lib/system/libsystem_symptoms.dylib
0x00007ff80dc45000 	/usr/lib/system/libsystem_trace.dylib
0x00007ff8190b7000 	/usr/lib/system/libunwind.dylib
0x00007ff80dc0e000 	/usr/lib/system/libxpc.dylib
0x00007ff80de86000 	/usr/lib/libc++abi.dylib
0x00007ff8190c2000 	/usr/lib/liboah.dylib
0x00007ff819853000 	/usr/lib/liblzma.5.dylib
0x00007ff80e9dd000 	/System/Library/Frameworks/SystemConfiguration.framework/Versions/A/SystemConfiguration
0x00007ff8190f6000 	/usr/lib/libfakelink.dylib
0x00007ff812864000 	/System/Library/Frameworks/CFNetwork.framework/Versions/A/CFNetwork
0x00007ff819235000 	/usr/lib/libarchive.2.dylib
0x00007ff81795b000 	/System/Library/PrivateFrameworks/AppleSystemInfo.framework/Versions/A/AppleSystemInfo
0x00007ff818740000 	/usr/lib/libbsm.0.dylib
0x00007ff811e9b000 	/usr/lib/libnetwork.dylib
0x00007ff81908f000 	/usr/lib/system/libkxld.dylib
0x00007ff81836f000 	/System/Library/PrivateFrameworks/IOMobileFramebuffer.framework/Versions/A/IOMobileFramebuffer
0x00007ffb23b71000 	/usr/lib/libCoreEntitlements.dylib
0x00007ff818da4000 	/System/Library/PrivateFrameworks/AppleFSCompression.framework/Versions/A/AppleFSCompression
0x00007ff818729000 	/usr/lib/libcoretls.dylib
0x00007ff81986d000 	/usr/lib/libcoretls_cfhelpers.dylib
0x00007ff819375000 	/usr/lib/libpam.2.dylib
0x00007ff814247000 	/usr/lib/libsqlite3.dylib
0x00007ff8198dc000 	/usr/lib/libxar.1.dylib
0x00007ff818db4000 	/usr/lib/libbz2.1.0.dylib
0x00007ff8190fb000 	/usr/lib/libpcap.A.dylib
0x00007ff814618000 	/usr/lib/libdns_services.dylib
0x00007ff819347000 	/usr/lib/libapple_nghttp2.dylib
0x00007ff819132000 	/usr/lib/libiconv.2.dylib
0x00007ff819088000 	/usr/lib/libcharset.1.dylib
0x00007ff8159f4000 	/System/Library/Frameworks/CoreServices.framework/Versions/A/Frameworks/FSEvents.framework/Versions/A/FSEvents
0x00007ff810435000 	/System/Library/Frameworks/CoreServices.framework/Versions/A/Frameworks/CarbonCore.framework/Versions/A/CarbonCore
0x00007ff81485c000 	/System/Library/Frameworks/CoreServices.framework/Versions/A/Frameworks/Metadata.framework/Versions/A/Metadata
0x00007ff818dc7000 	/System/Library/Frameworks/CoreServices.framework/Versions/A/Frameworks/OSServices.framework/Versions/A/OSServices
0x00007ff8192bb000 	/System/Library/Frameworks/CoreServices.framework/Versions/A/Frameworks/SearchKit.framework/Versions/A/SearchKit
0x00007ff8145aa000 	/System/Library/Frameworks/CoreServices.framework/Versions/A/Frameworks/AE.framework/Versions/A/AE
0x00007ff80e421000 	/System/Library/Frameworks/CoreServices.framework/Versions/A/Frameworks/LaunchServices.framework/Versions/A/LaunchServices
0x00007ff819804000 	/System/Library/Frameworks/CoreServices.framework/Versions/A/Frameworks/DictionaryServices.framework/Versions/A/DictionaryServices
0x00007ff815a01000 	/System/Library/Frameworks/CoreServices.framework/Versions/A/Frameworks/SharedFileList.framework/Versions/A/SharedFileList
0x00007ff81871d000 	/usr/lib/libCheckFix.dylib
0x00007ff812d74000 	/System/Library/PrivateFrameworks/TCC.framework/Versions/A/TCC
0x00007ff817961000 	/System/Library/PrivateFrameworks/CoreNLP.framework/Versions/A/CoreNLP
0x00007ff81480c000 	/System/Library/PrivateFrameworks/MetadataUtilities.framework/Versions/A/MetadataUtilities
0x00007ff80ea8d000 	/usr/lib/libmecabra.dylib
0x00007ff818750000 	/usr/lib/libmecab.dylib
0x00007ff80ea58000 	/usr/lib/libCRFSuite.dylib
0x00007ff8187ad000 	/usr/lib/libgermantok.dylib
0x00007ff819322000 	/usr/lib/libThaiTokenizer.dylib
0x00007ff8148fe000 	/System/Library/Frameworks/Accelerate.framework/Versions/A/Frameworks/vImage.framework/Versions/A/vImage
0x00007ff81f3e1000 	/System/Library/Frameworks/Accelerate.framework/Versions/A/Frameworks/vecLib.framework/Versions/A/vecLib
0x00007ff81991d000 	/System/Library/Frameworks/Accelerate.framework/Versions/A/Frameworks/vecLib.framework/Versions/A/libvMisc.dylib
0x00007ff818163000 	/System/Library/Frameworks/Accelerate.framework/Versions/A/Frameworks/vecLib.framework/Versions/A/libvDSP.dylib
0x00007ff80e799000 	/System/Library/Frameworks/Accelerate.framework/Versions/A/Frameworks/vecLib.framework/Versions/A/libBLAS.dylib
0x00007ff819457000 	/System/Library/Frameworks/Accelerate.framework/Versions/A/Frameworks/vecLib.framework/Versions/A/libLAPACK.dylib
0x00007ff8187b0000 	/System/Library/Frameworks/Accelerate.framework/Versions/A/Frameworks/vecLib.framework/Versions/A/libLinearAlgebra.dylib
0x00007ff819360000 	/System/Library/Frameworks/Accelerate.framework/Versions/A/Frameworks/vecLib.framework/Versions/A/libSparseBLAS.dylib
0x00007ff819451000 	/System/Library/Frameworks/Accelerate.framework/Versions/A/Frameworks/vecLib.framework/Versions/A/libQuadrature.dylib
0x00007ff817a4b000 	/System/Library/Frameworks/Accelerate.framework/Versions/A/Frameworks/vecLib.framework/Versions/A/libBNNS.dylib
0x00007ff80e96e000 	/System/Library/Frameworks/Accelerate.framework/Versions/A/Frameworks/vecLib.framework/Versions/A/libSparse.dylib
0x00007ff817a44000 	/System/Library/PrivateFrameworks/LinguisticData.framework/Versions/A/LinguisticData
0x00007ff80e923000 	/System/Library/PrivateFrameworks/Lexicon.framework/Versions/A/Lexicon
0x00007ff819916000 	/usr/lib/libChineseTokenizer.dylib
0x00007ff80f087000 	/System/Library/PrivateFrameworks/LanguageModeling.framework/Versions/A/LanguageModeling
0x00007ff819324000 	/System/Library/PrivateFrameworks/AppleSauce.framework/Versions/A/AppleSauce
0x00007ff81835d000 	/System/Library/PrivateFrameworks/CoreEmoji.framework/Versions/A/CoreEmoji
0x00007ff819224000 	/usr/lib/libcmph.dylib
0x00007ff8159d8000 	/System/Library/Frameworks/OpenDirectory.framework/Versions/A/Frameworks/CFOpenDirectory.framework/Versions/A/CFOpenDirectory
0x00007ff8159cc000 	/System/Library/Frameworks/OpenDirectory.framework/Versions/A/OpenDirectory
0x00007ff81986f000 	/System/Library/PrivateFrameworks/APFS.framework/Versions/A/APFS
0x00007ff81867e000 	/System/Library/Frameworks/SecurityFoundation.framework/Versions/A/SecurityFoundation
0x00007ff8198ea000 	/usr/lib/libutil.dylib
0x00007ff810760000 	/System/Library/PrivateFrameworks/CoreServicesStore.framework/Versions/A/CoreServicesStore
0x00007ff8198ee000 	/usr/lib/libxslt.1.dylib
0x00007ff81870b000 	/System/Library/PrivateFrameworks/BackgroundTaskManagement.framework/Versions/A/BackgroundTaskManagement
0x00007ff81ae17000 	/System/Library/Frameworks/ImageIO.framework/Versions/A/Resources/libRadiance.dylib
0x00007ff81ae20000 	/System/Library/Frameworks/ImageIO.framework/Versions/A/Resources/libJPEG.dylib
0x00007ff81ad71000 	/System/Library/Frameworks/ImageIO.framework/Versions/A/Resources/libPng.dylib
0x00007ff81ad92000 	/System/Library/Frameworks/ImageIO.framework/Versions/A/Resources/libTIFF.dylib
0x00007ff81ae7e000 	/System/Library/Frameworks/ImageIO.framework/Versions/A/Resources/libGIF.dylib
0x00007ff81a6a6000 	/System/Library/Frameworks/ImageIO.framework/Versions/A/Resources/libJP2.dylib
0x00007ff819de8000 	/usr/lib/libexpat.1.dylib
0x00007ff81a65b000 	/System/Library/PrivateFrameworks/AppleJPEG.framework/Versions/A/AppleJPEG
0x00007ff816ea2000 	/System/Library/PrivateFrameworks/FontServices.framework/libFontParser.dylib
0x00007ff814554000 	/System/Library/PrivateFrameworks/RunningBoardServices.framework/Versions/A/RunningBoardServices
0x00007ff825581000 	/System/Library/PrivateFrameworks/IOSurfaceAccelerator.framework/Versions/A/IOSurfaceAccelerator
0x00007ff81a785000 	/System/Library/PrivateFrameworks/WatchdogClient.framework/Versions/A/WatchdogClient
0x00007ff80f176000 	/System/Library/Frameworks/CoreDisplay.framework/Versions/A/CoreDisplay
0x00007ff816da2000 	/System/Library/Frameworks/CoreMedia.framework/Versions/A/CoreMedia
0x00007ff816c3f000 	/System/Library/PrivateFrameworks/IOAccelerator.framework/Versions/A/IOAccelerator
0x00007ff815b54000 	/System/Library/Frameworks/CoreVideo.framework/Versions/A/CoreVideo
0x00007ff819373000 	/System/Library/Frameworks/MetalPerformanceShaders.framework/Versions/A/MetalPerformanceShaders
0x00007ff81a7c0000 	/System/Library/Frameworks/VideoToolbox.framework/Versions/A/VideoToolbox
0x00007ff81449c000 	/System/Library/PrivateFrameworks/BaseBoard.framework/Versions/A/BaseBoard
0x00007ff81422d000 	/System/Library/PrivateFrameworks/ProtocolBuffer.framework/Versions/A/ProtocolBuffer
0x00007ff81ae10000 	/System/Library/PrivateFrameworks/GPUWrangler.framework/Versions/A/GPUWrangler
0x00007ff81adf3000 	/System/Library/PrivateFrameworks/IOPresentment.framework/Versions/A/IOPresentment
0x00007ff81ae1a000 	/System/Library/PrivateFrameworks/DSExternalDisplay.framework/Versions/A/DSExternalDisplay
0x00007ffa261c3000 	/System/Library/Frameworks/OpenGL.framework/Versions/A/Libraries/libCoreFSCache.dylib
0x00007ffb12170000 	/System/Library/PrivateFrameworks/GPUCompiler.framework/Versions/31001/Libraries/libGPUCompilerUtils.dylib
0x00007ff81ae83000 	/System/Library/PrivateFrameworks/CMCaptureCore.framework/Versions/A/CMCaptureCore
0x00007ff81a394000 	/System/Library/PrivateFrameworks/AppServerSupport.framework/Versions/A/AppServerSupport
0x00007ff81c55e000 	/System/Library/PrivateFrameworks/perfdata.framework/Versions/A/perfdata
0x00007ff80f2a2000 	/System/Library/PrivateFrameworks/AudioToolboxCore.framework/Versions/A/AudioToolboxCore
0x00007ff816d7f000 	/System/Library/PrivateFrameworks/caulk.framework/Versions/A/caulk
0x00007ff81be8b000 	/usr/lib/libAudioStatistics.dylib
0x00007ff91301f000 	/System/Library/PrivateFrameworks/SystemPolicy.framework/Versions/A/SystemPolicy
0x00007ff81c0d7000 	/usr/lib/libSMC.dylib
0x00007ff824ec3000 	/System/Library/Frameworks/CoreMIDI.framework/Versions/A/CoreMIDI
0x00007ff81ad41000 	/usr/lib/libAudioToolboxUtility.dylib
0x00007ff90f4a7000 	/System/Library/PrivateFrameworks/OSAServicesClient.framework/Versions/A/OSAServicesClient
0x00007ff81c56b000 	/usr/lib/libperfcheck.dylib
0x00007ff913aab000 	/usr/lib/libmis.dylib
0x00007ffa2621f000 	/System/Library/Frameworks/OpenGL.framework/Versions/A/Libraries/libGLU.dylib
0x00007ffa261e2000 	/System/Library/Frameworks/OpenGL.framework/Versions/A/Libraries/libGFXShared.dylib
0x00007ffa263f0000 	/System/Library/Frameworks/OpenGL.framework/Versions/A/Libraries/libGL.dylib
0x00007ffa261eb000 	/System/Library/Frameworks/OpenGL.framework/Versions/A/Libraries/libGLImage.dylib
0x00007ffa261df000 	/System/Library/Frameworks/OpenGL.framework/Versions/A/Libraries/libCVMSPluginSupport.dylib
0x00007ffa261ca000 	/System/Library/Frameworks/OpenGL.framework/Versions/A/Libraries/libCoreVMClient.dylib
0x00007ff8178df000 	/System/Library/Frameworks/MetalPerformanceShaders.framework/Versions/A/Frameworks/MPSCore.framework/Versions/A/MPSCore
0x00007ff818d0f000 	/System/Library/Frameworks/MetalPerformanceShaders.framework/Versions/A/Frameworks/MPSImage.framework/Versions/A/MPSImage
0x00007ff8187c6000 	/System/Library/Frameworks/MetalPerformanceShaders.framework/Versions/A/Frameworks/MPSNeuralNetwork.framework/Versions/A/MPSNeuralNetwork
0x00007ff818c3b000 	/System/Library/Frameworks/MetalPerformanceShaders.framework/Versions/A/Frameworks/MPSMatrix.framework/Versions/A/MPSMatrix
0x00007ff8189f7000 	/System/Library/Frameworks/MetalPerformanceShaders.framework/Versions/A/Frameworks/MPSRayIntersector.framework/Versions/A/MPSRayIntersector
0x00007ff818c74000 	/System/Library/Frameworks/MetalPerformanceShaders.framework/Versions/A/Frameworks/MPSNDArray.framework/Versions/A/MPSNDArray
0x00007ffa2adc8000 	/System/Library/Frameworks/MetalPerformanceShaders.framework/Versions/A/Frameworks/MPSFunctions.framework/Versions/A/MPSFunctions
0x00007ff80e67c000 	/System/Library/PrivateFrameworks/MetalTools.framework/Versions/A/MetalTools
0x00007ff817959000 	/System/Library/PrivateFrameworks/AggregateDictionary.framework/Versions/A/AggregateDictionary
0x00007ff819bca000 	/usr/lib/libIOReport.dylib
0x00007ffa277ff000 	/System/Library/Frameworks/OpenCL.framework/Versions/A/OpenCL
0x00007ff819f2e000 	/System/Library/PrivateFrameworks/FaceCore.framework/Versions/A/FaceCore
0x00007ff819f1f000 	/System/Library/PrivateFrameworks/GraphVisualizer.framework/Versions/A/GraphVisualizer
0x00007ffb1207b000 	/System/Library/PrivateFrameworks/FontServices.framework/Versions/A/FontServices
0x00007ff81a34b000 	/System/Library/PrivateFrameworks/OTSVG.framework/Versions/A/OTSVG
0x00007ff81573c000 	/System/Library/Frameworks/ApplicationServices.framework/Versions/A/Frameworks/ATS.framework/Versions/A/Resources/libFontRegistry.dylib
0x00007ff81a39c000 	/System/Library/PrivateFrameworks/FontServices.framework/libhvf.dylib
0x00007ffb1207c000 	/System/Library/PrivateFrameworks/FontServices.framework/libXTFontStaticRegistryData.dylib
0x00007ff819d98000 	/System/Library/PrivateFrameworks/AppleVA.framework/Versions/A/AppleVA
0x00007ff81beab000 	/System/Library/Frameworks/ApplicationServices.framework/Versions/A/Frameworks/ATS.framework/Versions/A/ATS
0x00007ff81394a000 	/System/Library/Frameworks/ApplicationServices.framework/Versions/A/Frameworks/HIServices.framework/Versions/A/HIServices
0x00007ff81ae8d000 	/System/Library/Frameworks/ApplicationServices.framework/Versions/A/Frameworks/PrintCore.framework/Versions/A/PrintCore
0x00007ff81c22a000 	/System/Library/Frameworks/ApplicationServices.framework/Versions/A/Frameworks/QD.framework/Versions/A/QD
0x00007ff81c222000 	/System/Library/Frameworks/ApplicationServices.framework/Versions/A/Frameworks/ColorSyncLegacy.framework/Versions/A/ColorSyncLegacy
0x00007ff81be9b000 	/System/Library/Frameworks/ApplicationServices.framework/Versions/A/Frameworks/SpeechSynthesis.framework/Versions/A/SpeechSynthesis
0x00007ff81ae4e000 	/System/Library/Frameworks/ApplicationServices.framework/Versions/A/Frameworks/ATSUI.framework/Versions/A/ATSUI
0x00007ff81c1b7000 	/usr/lib/libcups.2.dylib
0x00007ff81c57a000 	/System/Library/Frameworks/Kerberos.framework/Versions/A/Kerberos
0x00007ff81c589000 	/System/Library/Frameworks/GSS.framework/Versions/A/GSS
0x00007ff81bf17000 	/usr/lib/libresolv.9.dylib
0x00007ff81a3ab000 	/System/Library/PrivateFrameworks/Heimdal.framework/Versions/A/Heimdal
0x00007ff82302d000 	/System/Library/Frameworks/Kerberos.framework/Versions/A/Libraries/libHeimdalProxy.dylib
0x00007ff814629000 	/System/Library/Frameworks/Network.framework/Versions/A/Network
0x00007ff819e02000 	/usr/lib/libheimdal-asn1.dylib
0x00007ff81c5d4000 	/System/Library/PrivateFrameworks/CommonAuth.framework/Versions/A/CommonAuth
0x00007ff81be1c000 	/System/Library/PrivateFrameworks/AudioSession.framework/Versions/A/AudioSession
0x00007ff819e92000 	/System/Library/PrivateFrameworks/MediaExperience.framework/Versions/A/MediaExperience
0x00007ff81bcb0000 	/System/Library/PrivateFrameworks/AudioSession.framework/libSessionUtility.dylib
0x00007ff81c236000 	/System/Library/PrivateFrameworks/AudioResourceArbitration.framework/Versions/A/AudioResourceArbitration
0x00007ff819e0b000 	/System/Library/PrivateFrameworks/IconFoundation.framework/Versions/A/IconFoundation
0x00007ff81f010000 	/System/Library/PrivateFrameworks/SpeechRecognitionCore.framework/Versions/A/SpeechRecognitionCore
0x00007ffa17672000 	/System/Library/CoreServices/Encodings/libKoreanConverter.dylib
0x000000010b95e000 	/Library/Java/JavaVirtualMachines/jdk1.8.0_321.jdk/Contents/Home/jre/lib/server/libjvm.dylib
0x000000010abab000 	/Library/Java/JavaVirtualMachines/jdk1.8.0_321.jdk/Contents/Home/jre/lib/libverify.dylib
0x000000010ac03000 	/Library/Java/JavaVirtualMachines/jdk1.8.0_321.jdk/Contents/Home/jre/lib/libjava.dylib
0x000000010ac7b000 	/Library/Java/JavaVirtualMachines/jdk1.8.0_321.jdk/Contents/Home/jre/lib/libinstrument.dylib
0x000000010ad5a000 	/private/var/folders/k6/dkc35rrd3kvf4z8xbpc5z4zh0000gn/T/libasyncProfiler.so
0x000000010ad07000 	/Library/Java/JavaVirtualMachines/jdk1.8.0_321.jdk/Contents/Home/jre/lib/libzip.dylib
0x0000000123bfb000 	/Library/Java/JavaVirtualMachines/jdk1.8.0_321.jdk/Contents/Home/jre/lib/libnet.dylib

VM Arguments:
jvm_args: -javaagent:/Applications/IntelliJ IDEA.app/Contents/lib/idea_rt.jar=53789:/Applications/IntelliJ IDEA.app/Contents/bin -agentpath:/private/var/folders/k6/dkc35rrd3kvf4z8xbpc5z4zh0000gn/T/libasyncProfiler.so=start,jfr,event=cpu,interval=1ms,event=alloc,file=/Users/jojunbeom/PhoneBookFrame_2022_03_29_174756.jfr -Dfile.encoding=UTF-8 
java_command: com.phonebook.apllication.PhoneBookFrame
java_class_path (initial): /Library/Java/JavaVirtualMachines/jdk1.8.0_321.jdk/Contents/Home/jre/lib/charsets.jar:/Library/Java/JavaVirtualMachines/jdk1.8.0_321.jdk/Contents/Home/jre/lib/deploy.jar:/Library/Java/JavaVirtualMachines/jdk1.8.0_321.jdk/Contents/Home/jre/lib/ext/cldrdata.jar:/Library/Java/JavaVirtualMachines/jdk1.8.0_321.jdk/Contents/Home/jre/lib/ext/dnsns.jar:/Library/Java/JavaVirtualMachines/jdk1.8.0_321.jdk/Contents/Home/jre/lib/ext/jaccess.jar:/Library/Java/JavaVirtualMachines/jdk1.8.0_321.jdk/Contents/Home/jre/lib/ext/jfxrt.jar:/Library/Java/JavaVirtualMachines/jdk1.8.0_321.jdk/Contents/Home/jre/lib/ext/localedata.jar:/Library/Java/JavaVirtualMachines/jdk1.8.0_321.jdk/Contents/Home/jre/lib/ext/nashorn.jar:/Library/Java/JavaVirtualMachines/jdk1.8.0_321.jdk/Contents/Home/jre/lib/ext/sunec.jar:/Library/Java/JavaVirtualMachines/jdk1.8.0_321.jdk/Contents/Home/jre/lib/ext/sunjce_provider.jar:/Library/Java/JavaVirtualMachines/jdk1.8.0_321.jdk/Contents/Home/jre/lib/ext/sunpkcs11.jar:/Library/Java/JavaVirtualMachines/jdk1.8.0_321.jdk/Contents/Home/jre/lib/ext/zipfs.jar:/Library/Java/JavaVirtualMachines/jdk1.8.0_321.jdk/Contents/Home/jre/lib/javaws.jar:/Library/Java/JavaVirtualMachines/jdk1.8.0_321.jdk/Contents/Home/jre/lib/jce.jar:/Library/Java/JavaVirtualMachines/jdk1.8.0_321.jdk/Contents/Home/jre/lib/jfr.jar:/Library/Java/JavaVirtualMachines/jdk1.8.0_321.jdk/Contents/Home/jre/lib/jfxswt.jar:/Library/Java/JavaVirtualMachines/jdk1.8.0_321.jdk/Contents/Home/jre/lib/jsse.jar:/Library/Java/JavaVirtualMachines/jdk1.8.0_321.jdk/Contents/Home/jre/lib/management-agent.jar:/Library/Java/JavaVirtualMachines/jdk1.8.0_321.jdk/Contents/Home/jre/lib/plugin.jar:/Library/Java/JavaVirtualMachines/jdk1.8.0_321.jdk/Contents/Home/jre/lib/resources.jar:/Library/Java/JavaVirtualMachines/jdk1.8.0_321.jdk/Contents/Home/jre/lib/rt.jar:/Users/jojunbeom/Documents/phonebook/out/production/phonebook:/Applications/IntelliJ IDEA.app/Contents/lib/idea_rt.jar
Launcher Type: SUN_STANDARD

Environment Variables:
JAVA_HOME=/Library/Java/JavaVirtualMachines/jdk1.8.0_321.jdk/Contents/Home
PATH=/usr/local/bin:/usr/bin:/bin:/usr/sbin:/sbin:/Library/Java/VirtualMachines/jdk1.8.0_321.jdk/Contents/Home
SHELL=/bin/zsh

Signal Handlers:
SIGSEGV: [libjvm.dylib+0x59cd83], sa_mask[0]=11111111111111111111111111111111, sa_flags=SA_ONSTACK|SA_RESTART|SA_SIGINFO
SIGBUS: [libjvm.dylib+0x59cd83], sa_mask[0]=11111111111111111111111111111111, sa_flags=SA_RESTART|SA_SIGINFO
SIGFPE: [libjvm.dylib+0x59cd83], sa_mask[0]=11111111111111111111111111111111, sa_flags=SA_RESTART|SA_SIGINFO
SIGPIPE: [libjvm.dylib+0x4905a7], sa_mask[0]=11111111111111111111111111111111, sa_flags=SA_RESTART|SA_SIGINFO
SIGXFSZ: [libjvm.dylib+0x4905a7], sa_mask[0]=11111111111111111111111111111111, sa_flags=SA_RESTART|SA_SIGINFO
SIGILL: [libjvm.dylib+0x59cd83], sa_mask[0]=11111111111111111111111111111111, sa_flags=SA_RESTART|SA_SIGINFO
SIGUSR1: SIG_DFL, sa_mask[0]=00000000000000000000000000000000, sa_flags=none
SIGUSR2: [libjvm.dylib+0x490ea2], sa_mask[0]=00100000000000000000000000000000, sa_flags=SA_RESTART|SA_SIGINFO
SIGHUP: [libjvm.dylib+0x48f0e7], sa_mask[0]=11111111111111111111111111111111, sa_flags=SA_RESTART|SA_SIGINFO
SIGINT: [libjvm.dylib+0x48f0e7], sa_mask[0]=11111111111111111111111111111111, sa_flags=SA_RESTART|SA_SIGINFO
SIGTERM: [libjvm.dylib+0x48f0e7], sa_mask[0]=11111111111111111111111111111111, sa_flags=SA_RESTART|SA_SIGINFO
SIGQUIT: [libjvm.dylib+0x48f0e7], sa_mask[0]=11111111111111111111111111111111, sa_flags=SA_RESTART|SA_SIGINFO


---------------  S Y S T E M  ---------------

OS:Bsduname:Darwin 21.1.0 Darwin Kernel Version 21.1.0: Wed Oct 13 17:33:24 PDT 2021; root:xnu-8019.41.5~1/RELEASE_ARM64_T8101 x86_64
rlimit: STACK 8176k, CORE 0k, NPROC 1333, NOFILE 10240, AS infinity
load average:1.51 1.31 1.22

CPU:total 8 (initial active 8) (1 cores per cpu, 1 threads per core) family 6 model 44 stepping 0, cmov, cx8, fxsr, mmx, sse, sse2, sse3, ssse3, sse4.1, sse4.2, popcnt, aes, clmul, tsc, tscinvbit, tscinv

Memory: 4k page, physical 8388608k(14712k free)

/proc/meminfo:


vm_info: Java HotSpot(TM) 64-Bit Server VM (25.321-b07) for bsd-amd64 JRE (1.8.0_321-b07), built on Dec 15 2021 19:12:29 by "java_re" with gcc 4.2.1 Compatible Apple LLVM 11.0.0 (clang-1100.0.33.17)

time: Tue Mar 29 17:48:19 2022
timezone: KST
elapsed time: 23.484300 seconds (0d 0h 0m 23s)

